2023-01-24 10:30:49,896 [main] INFO OrangeHRM_MiniProject - Launching Browser
2023-01-24 10:30:49,958 [main] INFO OrangeHRM_MiniProject - Opening URL
2023-01-24 10:31:07,060 [main] INFO OrangeHRM_MiniProject - Providing login details - UserName and Password
2023-01-24 10:31:10,533 [main] INFO OrangeHRM_MiniProject - Start Login Process
2023-01-24 10:31:12,104 [main] INFO OrangeHRM_MiniProject - Login TestCase will be Pass
2023-01-24 10:31:12,106 [main] INFO OrangeHRM_MiniProject - Click on Profile Menu
2023-01-24 10:31:12,754 [main] INFO OrangeHRM_MiniProject - Click on Logout button
2023-01-24 10:31:15,643 [main] INFO OrangeHRM_MiniProject - Close the Browser
2023-01-24 10:37:39,200 [main] INFO OrangeHRM_MiniProject - Launching Browser
2023-01-24 10:37:39,350 [main] INFO OrangeHRM_MiniProject - Opening URL
2023-01-24 10:38:01,184 [main] INFO OrangeHRM_MiniProject - Providing login details - UserName and Password
2023-01-24 10:38:02,609 [main] INFO OrangeHRM_MiniProject - Start Login Process
2023-01-24 10:38:02,702 [main] INFO OrangeHRM_MiniProject - Click on PIM Menu button
2023-01-24 10:38:05,894 [main] INFO OrangeHRM_MiniProject - Click on Add button
2023-01-24 10:38:08,305 [main] INFO OrangeHRM_MiniProject - Adding new Employee 
2023-01-24 10:38:08,305 [main] INFO OrangeHRM_MiniProject - Providing Employee Details
2023-01-24 10:38:09,253 [main] INFO OrangeHRM_MiniProject - Saving Employee Data
2023-01-24 10:38:10,101 [main] INFO OrangeHRM_MiniProject - Employee Added successfully
2023-01-24 10:38:10,101 [main] INFO OrangeHRM_MiniProject - Close the Browser
2023-01-24 10:38:11,493 [main] INFO OrangeHRM_MiniProject - Launching Browser
2023-01-24 10:38:11,499 [main] INFO OrangeHRM_MiniProject - Opening URL
2023-01-24 10:38:37,269 [main] INFO OrangeHRM_MiniProject - Providing login details - UserName and Password
2023-01-24 10:38:38,695 [main] INFO OrangeHRM_MiniProject - Start Login Process
2023-01-24 10:38:38,786 [main] INFO OrangeHRM_MiniProject - Click on PIM Menu button
2023-01-24 10:38:42,091 [main] INFO OrangeHRM_MiniProject - Click on Employee List Menu link
2023-01-24 10:38:43,583 [main] INFO OrangeHRM_MiniProject - Searching Employee by FirstName
2023-01-24 10:38:44,199 [main] INFO OrangeHRM_MiniProject - Click on Search button
2023-01-24 10:38:49,594 [main] INFO OrangeHRM_MiniProject - Launching Browser
2023-01-24 10:38:49,594 [main] INFO OrangeHRM_MiniProject - Opening URL
2023-01-24 10:38:57,134 [main] INFO OrangeHRM_MiniProject - Providing login details - UserName and Password
2023-01-24 10:38:58,468 [main] INFO OrangeHRM_MiniProject - Start Login Process
2023-01-24 10:38:58,545 [main] INFO OrangeHRM_MiniProject - Click on PIM Menu button
2023-01-24 10:39:03,115 [main] INFO OrangeHRM_MiniProject - Click on Employee List Menu link
2023-01-24 10:39:04,852 [main] INFO OrangeHRM_MiniProject - Searching Employee by FirstName
2023-01-24 10:39:05,511 [main] INFO OrangeHRM_MiniProject - Click on Search button
2023-01-24 10:39:14,764 [main] INFO OrangeHRM_MiniProject - Click on Select button 
2023-01-24 10:39:14,852 [main] INFO OrangeHRM_MiniProject - Click on Delete button
2023-01-24 10:39:14,955 [main] INFO OrangeHRM_MiniProject - Confirmation pop Up
2023-01-24 10:44:30,777 [main] INFO OrangeHRM_MiniProject - Launching Browser
2023-01-24 10:44:30,818 [main] INFO OrangeHRM_MiniProject - Opening URL
2023-01-24 10:44:50,384 [main] INFO OrangeHRM_MiniProject - Providing login details - UserName and Password
2023-01-24 10:44:52,451 [main] INFO OrangeHRM_MiniProject - Start Login Process
2023-01-24 10:44:52,556 [main] INFO OrangeHRM_MiniProject - Click on PIM Menu button
2023-01-24 10:44:55,569 [main] INFO OrangeHRM_MiniProject - Click on Add button
2023-01-24 10:44:57,181 [main] INFO OrangeHRM_MiniProject - Adding new Employee 
2023-01-24 10:44:57,184 [main] INFO OrangeHRM_MiniProject - Providing Employee Details
2023-01-24 10:44:58,052 [main] INFO OrangeHRM_MiniProject - Saving Employee Data
2023-01-24 10:45:02,732 [main] INFO OrangeHRM_MiniProject - Launching Browser
2023-01-24 10:45:02,736 [main] INFO OrangeHRM_MiniProject - Opening URL
2023-01-24 10:45:23,237 [main] INFO OrangeHRM_MiniProject - Providing login details - UserName and Password
2023-01-24 10:45:25,142 [main] INFO OrangeHRM_MiniProject - Start Login Process
2023-01-24 10:45:25,236 [main] INFO OrangeHRM_MiniProject - Click on PIM Menu button
2023-01-24 10:45:29,891 [main] INFO OrangeHRM_MiniProject - Click on Employee List Menu link
2023-01-24 10:45:31,155 [main] INFO OrangeHRM_MiniProject - Searching Employee by FirstName
2023-01-24 10:45:32,856 [main] INFO OrangeHRM_MiniProject - Click on Search button
2023-01-24 10:45:39,010 [main] INFO OrangeHRM_MiniProject - Close the Browser
2023-01-24 10:45:42,380 [main] INFO OrangeHRM_MiniProject - Launching Browser
2023-01-24 10:45:42,386 [main] INFO OrangeHRM_MiniProject - Opening URL
2023-01-24 10:45:49,840 [main] INFO OrangeHRM_MiniProject - Providing login details - UserName and Password
2023-01-24 10:45:51,105 [main] INFO OrangeHRM_MiniProject - Start Login Process
2023-01-24 10:45:51,182 [main] INFO OrangeHRM_MiniProject - Click on PIM Menu button
2023-01-24 10:45:54,009 [main] INFO OrangeHRM_MiniProject - Click on Employee List Menu link
2023-01-24 10:45:55,313 [main] INFO OrangeHRM_MiniProject - Searching Employee by FirstName
2023-01-24 10:45:55,963 [main] INFO OrangeHRM_MiniProject - Click on Search button
2023-01-24 10:46:05,256 [main] INFO OrangeHRM_MiniProject - Click on Select button 
2023-01-24 10:46:05,339 [main] INFO OrangeHRM_MiniProject - Click on Delete button
2023-01-24 10:46:05,426 [main] INFO OrangeHRM_MiniProject - Confirmation pop Up
2023-01-24 10:46:11,474 [main] INFO OrangeHRM_MiniProject - Cecilsuccessfully got deleted
2023-01-24 10:46:11,474 [main] INFO OrangeHRM_MiniProject - Delete Employee test case passed
2023-01-24 10:46:11,476 [main] INFO OrangeHRM_MiniProject - Close the Browser
2023-01-24 10:58:16,989 [main] INFO OrangeHRM_MiniProject - Launching Browser
2023-01-24 10:58:17,039 [main] INFO OrangeHRM_MiniProject - Opening URL
2023-01-24 10:58:40,224 [main] INFO OrangeHRM_MiniProject - Providing login details - UserName and Password
2023-01-24 10:58:42,156 [main] INFO OrangeHRM_MiniProject - Start Login Process
2023-01-24 10:58:42,264 [main] INFO OrangeHRM_MiniProject - Click on PIM Menu button
2023-01-24 10:58:46,373 [main] INFO OrangeHRM_MiniProject - Click on Add button
2023-01-24 10:58:47,635 [main] INFO OrangeHRM_MiniProject - Adding new Employee 
2023-01-24 10:58:47,636 [main] INFO OrangeHRM_MiniProject - Providing Employee Details
2023-01-24 10:58:48,520 [main] INFO OrangeHRM_MiniProject - Saving Employee Data
2023-01-24 10:58:48,970 [main] INFO OrangeHRM_MiniProject - Employee Added successfully
2023-01-24 10:58:48,971 [main] INFO OrangeHRM_MiniProject - Close the Browser
2023-01-24 10:58:52,530 [main] INFO OrangeHRM_MiniProject - Launching Browser
2023-01-24 10:58:52,530 [main] INFO OrangeHRM_MiniProject - Opening URL
2023-01-24 10:59:11,578 [main] INFO OrangeHRM_MiniProject - Providing login details - UserName and Password
2023-01-24 10:59:13,377 [main] INFO OrangeHRM_MiniProject - Start Login Process
2023-01-24 10:59:13,477 [main] INFO OrangeHRM_MiniProject - Click on PIM Menu button
2023-01-24 10:59:16,977 [main] INFO OrangeHRM_MiniProject - Click on Employee List Menu link
2023-01-24 10:59:18,208 [main] INFO OrangeHRM_MiniProject - Searching Employee by FirstName
2023-01-24 10:59:18,851 [main] INFO OrangeHRM_MiniProject - Click on Search button
2023-01-24 10:59:26,368 [main] INFO OrangeHRM_MiniProject - Launching Browser
2023-01-24 10:59:26,371 [main] INFO OrangeHRM_MiniProject - Opening URL
2023-01-24 10:59:45,992 [main] INFO OrangeHRM_MiniProject - Providing login details - UserName and Password
2023-01-24 10:59:47,741 [main] INFO OrangeHRM_MiniProject - Start Login Process
2023-01-24 10:59:47,834 [main] INFO OrangeHRM_MiniProject - Click on PIM Menu button
2023-01-24 10:59:53,052 [main] INFO OrangeHRM_MiniProject - Click on Employee List Menu link
2023-01-24 10:59:54,718 [main] INFO OrangeHRM_MiniProject - Searching Employee by FirstName
2023-01-24 10:59:55,934 [main] INFO OrangeHRM_MiniProject - Click on Search button
2023-01-24 11:00:05,148 [main] INFO OrangeHRM_MiniProject - Click on Select button 
2023-01-24 11:00:05,258 [main] INFO OrangeHRM_MiniProject - Click on Delete button
2023-01-24 11:00:05,365 [main] INFO OrangeHRM_MiniProject - Confirmation pop Up
2023-01-24 11:00:14,768 [main] INFO OrangeHRM_MiniProject - Launching Browser
2023-01-24 11:00:14,775 [main] INFO OrangeHRM_MiniProject - Opening URL
2023-01-24 11:00:33,517 [main] INFO OrangeHRM_MiniProject - Providing login details - UserName and Password
2023-01-24 11:00:34,895 [main] INFO OrangeHRM_MiniProject - Start Login Process
2023-01-24 11:00:36,937 [main] INFO OrangeHRM_MiniProject - Login TestCase will be Pass
2023-01-24 11:00:36,956 [main] INFO OrangeHRM_MiniProject - Click on Profile Menu
2023-01-24 11:00:37,594 [main] INFO OrangeHRM_MiniProject - Click on Logout button
2023-01-24 11:00:39,708 [main] INFO OrangeHRM_MiniProject - Close the Browser
2023-01-24 11:09:25,961 [main] INFO OrangeHRM_MiniProject - Launching Browser
2023-01-24 11:09:26,017 [main] INFO OrangeHRM_MiniProject - Opening URL
2023-01-24 11:09:35,510 [main] INFO OrangeHRM_MiniProject - Providing login details - UserName and Password
2023-01-24 11:09:37,998 [main] INFO OrangeHRM_MiniProject - Start Login Process
2023-01-24 11:09:39,739 [main] INFO OrangeHRM_MiniProject - Click on PIM Menu button
2023-01-24 11:09:41,735 [main] INFO OrangeHRM_MiniProject - Click on Add button
2023-01-24 11:09:43,439 [main] INFO OrangeHRM_MiniProject - Adding new Employee 
2023-01-24 11:09:43,439 [main] INFO OrangeHRM_MiniProject - Providing Employee Details
2023-01-24 11:09:44,523 [main] INFO OrangeHRM_MiniProject - Saving Employee Data
2023-01-24 11:09:45,219 [main] INFO OrangeHRM_MiniProject - Employee Added successfully
2023-01-24 11:09:45,227 [main] INFO OrangeHRM_MiniProject - Close the Browser
2023-01-24 11:09:49,047 [main] INFO OrangeHRM_MiniProject - Launching Browser
2023-01-24 11:09:49,057 [main] INFO OrangeHRM_MiniProject - Opening URL
2023-01-24 11:10:13,308 [main] INFO OrangeHRM_MiniProject - Providing login details - UserName and Password
2023-01-24 11:10:14,666 [main] INFO OrangeHRM_MiniProject - Start Login Process
2023-01-24 11:10:16,197 [main] INFO OrangeHRM_MiniProject - Click on PIM Menu button
2023-01-24 11:10:18,496 [main] INFO OrangeHRM_MiniProject - Click on Employee List Menu link
2023-01-24 11:10:19,978 [main] INFO OrangeHRM_MiniProject - Searching Employee by FirstName
2023-01-24 11:10:21,732 [main] INFO OrangeHRM_MiniProject - Click on Search button
2023-01-24 11:10:29,473 [main] INFO OrangeHRM_MiniProject - Launching Browser
2023-01-24 11:10:29,481 [main] INFO OrangeHRM_MiniProject - Opening URL
2023-01-24 11:11:01,896 [main] INFO OrangeHRM_MiniProject - Providing login details - UserName and Password
2023-01-24 11:11:03,252 [main] INFO OrangeHRM_MiniProject - Start Login Process
2023-01-24 11:11:03,368 [main] INFO OrangeHRM_MiniProject - Click on PIM Menu button
2023-01-24 11:11:07,714 [main] INFO OrangeHRM_MiniProject - Click on Employee List Menu link
2023-01-24 11:11:09,895 [main] INFO OrangeHRM_MiniProject - Searching Employee by FirstName
2023-01-24 11:11:11,104 [main] INFO OrangeHRM_MiniProject - Click on Search button
2023-01-24 11:11:18,800 [main] INFO OrangeHRM_MiniProject - Launching Browser
2023-01-24 11:11:18,802 [main] INFO OrangeHRM_MiniProject - Opening URL
2023-01-24 11:11:38,355 [main] INFO OrangeHRM_MiniProject - Providing login details - UserName and Password
2023-01-24 11:11:40,871 [main] INFO OrangeHRM_MiniProject - Start Login Process
2023-01-24 11:11:42,741 [main] INFO OrangeHRM_MiniProject - Login TestCase will be Pass
2023-01-24 11:11:42,748 [main] INFO OrangeHRM_MiniProject - Click on Profile Menu
2023-01-24 11:11:43,411 [main] INFO OrangeHRM_MiniProject - Click on Logout button
2023-01-24 11:11:47,113 [main] INFO OrangeHRM_MiniProject - Close the Browser
2023-01-24 11:17:13,627 [main] INFO OrangeHRM_MiniProject - Launching Browser
2023-01-24 11:17:13,701 [main] INFO OrangeHRM_MiniProject - Opening URL
2023-01-24 11:17:24,685 [main] INFO OrangeHRM_MiniProject - Providing login details - UserName and Password
2023-01-24 11:17:26,652 [main] INFO OrangeHRM_MiniProject - Start Login Process
2023-01-24 11:17:26,803 [main] INFO OrangeHRM_MiniProject - Click on PIM Menu button
2023-01-24 11:17:30,370 [main] INFO OrangeHRM_MiniProject - Click on Add button
2023-01-24 11:17:32,458 [main] INFO OrangeHRM_MiniProject - Adding new Employee 
2023-01-24 11:17:32,458 [main] INFO OrangeHRM_MiniProject - Providing Employee Details
2023-01-24 11:17:34,593 [main] INFO OrangeHRM_MiniProject - Saving Employee Data
2023-01-24 11:17:35,463 [main] INFO OrangeHRM_MiniProject - Employee Added successfully
2023-01-24 11:17:35,476 [main] INFO OrangeHRM_MiniProject - Close the Browser
2023-01-24 11:17:39,221 [main] INFO OrangeHRM_MiniProject - Launching Browser
2023-01-24 11:17:39,231 [main] INFO OrangeHRM_MiniProject - Opening URL
2023-01-24 11:17:52,030 [main] INFO OrangeHRM_MiniProject - Providing login details - UserName and Password
2023-01-24 11:17:53,908 [main] INFO OrangeHRM_MiniProject - Start Login Process
2023-01-24 11:17:55,945 [main] INFO OrangeHRM_MiniProject - Click on PIM Menu button
2023-01-24 11:17:57,979 [main] INFO OrangeHRM_MiniProject - Click on Employee List Menu link
2023-01-24 11:17:59,360 [main] INFO OrangeHRM_MiniProject - Searching Employee by FirstName
2023-01-24 11:18:00,064 [main] INFO OrangeHRM_MiniProject - Click on Search button
2023-01-24 11:18:06,365 [main] INFO OrangeHRM_MiniProject - Close the Browser
2023-01-24 11:18:09,825 [main] INFO OrangeHRM_MiniProject - Launching Browser
2023-01-24 11:18:09,834 [main] INFO OrangeHRM_MiniProject - Opening URL
2023-01-24 11:18:29,509 [main] INFO OrangeHRM_MiniProject - Providing login details - UserName and Password
2023-01-24 11:18:31,350 [main] INFO OrangeHRM_MiniProject - Start Login Process
2023-01-24 11:18:33,210 [main] INFO OrangeHRM_MiniProject - Click on PIM Menu button
2023-01-24 11:18:35,139 [main] INFO OrangeHRM_MiniProject - Click on Employee List Menu link
2023-01-24 11:18:36,607 [main] INFO OrangeHRM_MiniProject - Searching Employee by FirstName
2023-01-24 11:18:37,312 [main] INFO OrangeHRM_MiniProject - Click on Search button
2023-01-24 11:18:46,671 [main] INFO OrangeHRM_MiniProject - Click on Select button 
2023-01-24 11:18:46,816 [main] INFO OrangeHRM_MiniProject - Click on Delete button
2023-01-24 11:18:46,954 [main] INFO OrangeHRM_MiniProject - Confirmation pop Up
2023-01-24 11:18:53,053 [main] INFO OrangeHRM_MiniProject - Dominic successfully got deleted
2023-01-24 11:18:53,058 [main] INFO OrangeHRM_MiniProject - Delete Employee test case passed
2023-01-24 11:18:53,059 [main] INFO OrangeHRM_MiniProject - Close the Browser
2023-01-24 11:18:56,628 [main] INFO OrangeHRM_MiniProject - Launching Browser
2023-01-24 11:18:56,628 [main] INFO OrangeHRM_MiniProject - Opening URL
2023-01-24 11:19:15,644 [main] INFO OrangeHRM_MiniProject - Providing login details - UserName and Password
2023-01-24 11:19:16,962 [main] INFO OrangeHRM_MiniProject - Start Login Process
2023-01-24 11:19:18,407 [main] INFO OrangeHRM_MiniProject - Login TestCase will be Pass
2023-01-24 11:19:18,412 [main] INFO OrangeHRM_MiniProject - Click on Profile Menu
2023-01-24 11:19:19,044 [main] INFO OrangeHRM_MiniProject - Click on Logout button
2023-01-24 11:19:22,507 [main] INFO OrangeHRM_MiniProject - Close the Browser
2023-01-28 12:04:08,597 [main] INFO OrangeHRM_MiniProject - Launching Browser
2023-01-28 12:04:08,653 [main] INFO OrangeHRM_MiniProject - Opening URL
2023-01-28 12:04:24,258 [main] INFO OrangeHRM_MiniProject - Providing login details - UserName and Password
2023-01-28 12:04:25,653 [main] INFO OrangeHRM_MiniProject - Start Login Process
2023-01-28 12:04:26,957 [main] INFO OrangeHRM_MiniProject - Login TestCase will be Pass
2023-01-28 12:04:26,957 [main] INFO OrangeHRM_MiniProject - Click on Profile Menu
2023-01-28 12:04:27,617 [main] INFO OrangeHRM_MiniProject - Click on Logout button
2023-01-28 12:04:29,538 [main] INFO OrangeHRM_MiniProject - Close the Browser
2023-01-28 12:09:15,703 [main] INFO OrangeHRM_MiniProject - Launching Browser
2023-01-28 12:09:15,756 [main] INFO OrangeHRM_MiniProject - Opening URL
2023-01-28 12:09:28,027 [main] INFO OrangeHRM_MiniProject - Providing login details - UserName and Password
2023-01-28 12:09:29,442 [main] INFO OrangeHRM_MiniProject - Start Login Process
2023-01-28 12:09:29,592 [main] INFO OrangeHRM_MiniProject - Click on PIM Menu button
2023-01-28 12:09:33,712 [main] INFO OrangeHRM_MiniProject - Click on Add button
2023-01-28 12:09:35,221 [main] INFO OrangeHRM_MiniProject - Adding new Employee 
2023-01-28 12:09:35,221 [main] INFO OrangeHRM_MiniProject - Providing Employee Details
2023-01-28 12:09:36,249 [main] INFO OrangeHRM_MiniProject - Saving Employee Data
2023-01-28 12:09:36,770 [main] INFO OrangeHRM_MiniProject - Employee Added successfully
2023-01-28 12:09:36,771 [main] INFO OrangeHRM_MiniProject - Close the Browser
2023-01-28 12:14:39,090 [main] INFO OrangeHRM_MiniProject - Launching Browser
2023-01-28 12:14:39,179 [main] INFO OrangeHRM_MiniProject - Opening URL
2023-01-28 12:14:56,854 [main] INFO OrangeHRM_MiniProject - Providing login details - UserName and Password
2023-01-28 12:14:58,807 [main] INFO OrangeHRM_MiniProject - Start Login Process
2023-01-28 12:14:58,933 [main] INFO OrangeHRM_MiniProject - Click on PIM Menu button
2023-01-28 12:15:02,675 [main] INFO OrangeHRM_MiniProject - Click on Employee List Menu link
2023-01-28 12:15:04,249 [main] INFO OrangeHRM_MiniProject - Searching Employee by FirstName
2023-01-28 12:15:04,945 [main] INFO OrangeHRM_MiniProject - Click on Search button
2023-01-28 12:15:11,204 [main] INFO OrangeHRM_MiniProject - Close the Browser
2023-01-28 12:17:24,243 [main] INFO OrangeHRM_MiniProject - Launching Browser
2023-01-28 12:17:24,285 [main] INFO OrangeHRM_MiniProject - Opening URL
2023-01-28 12:17:36,305 [main] INFO OrangeHRM_MiniProject - Providing login details - UserName and Password
2023-01-28 12:17:37,814 [main] INFO OrangeHRM_MiniProject - Start Login Process
2023-01-28 12:17:37,958 [main] INFO OrangeHRM_MiniProject - Click on PIM Menu button
2023-01-28 12:17:41,636 [main] INFO OrangeHRM_MiniProject - Click on Employee List Menu link
2023-01-28 12:17:43,129 [main] INFO OrangeHRM_MiniProject - Searching Employee by FirstName
2023-01-28 12:17:43,831 [main] INFO OrangeHRM_MiniProject - Click on Search button
2023-01-28 12:17:53,206 [main] INFO OrangeHRM_MiniProject - Click on Select button 
2023-01-28 12:17:53,336 [main] INFO OrangeHRM_MiniProject - Click on Delete button
2023-01-28 12:17:54,043 [main] INFO OrangeHRM_MiniProject - Confirmation pop Up
2023-01-28 12:18:00,186 [main] INFO OrangeHRM_MiniProject - Ninasuccessfully got deleted
2023-01-28 12:18:00,186 [main] INFO OrangeHRM_MiniProject - Delete Employee test case passed
2023-01-28 12:18:00,186 [main] INFO OrangeHRM_MiniProject - Close the Browser
2023-01-28 14:30:04,627 [main] INFO OrangeHRM_MiniProject - Launching Browser
2023-01-28 14:30:04,689 [main] INFO OrangeHRM_MiniProject - Opening URL
2023-01-28 14:30:15,858 [main] INFO OrangeHRM_MiniProject - Providing login details - UserName and Password
2023-01-28 14:30:16,782 [main] INFO OrangeHRM_MiniProject - Start Login Process
2023-01-28 14:30:16,914 [main] INFO OrangeHRM_MiniProject - Click on PIM Menu button
2023-01-28 14:30:20,163 [main] INFO OrangeHRM_MiniProject - Click on Employee List Menu link
2023-01-28 14:30:21,347 [main] INFO OrangeHRM_MiniProject - Searching Employee by FirstName
2023-01-28 14:30:22,104 [main] INFO OrangeHRM_MiniProject - Click on Search button
2023-01-28 14:30:31,461 [main] INFO OrangeHRM_MiniProject - Click on Select button 
2023-01-28 14:30:31,630 [main] INFO OrangeHRM_MiniProject - Click on Delete button
2023-01-28 14:30:31,832 [main] INFO OrangeHRM_MiniProject - Confirmation pop Up
2023-01-28 14:37:20,570 [main] INFO OrangeHRM_MiniProject - Launching Browser
2023-01-28 14:37:20,677 [main] INFO OrangeHRM_MiniProject - Opening URL
2023-01-28 14:37:31,532 [main] INFO OrangeHRM_MiniProject - Providing login details - UserName and Password
2023-01-28 14:37:33,203 [main] INFO OrangeHRM_MiniProject - Start Login Process
2023-01-28 14:37:34,730 [main] INFO OrangeHRM_MiniProject - Click on PIM Menu button
2023-01-28 14:37:36,920 [main] INFO OrangeHRM_MiniProject - Click on Employee List Menu link
2023-01-28 14:37:39,357 [main] INFO OrangeHRM_MiniProject - Searching Employee by FirstName
2023-01-28 14:37:40,143 [main] INFO OrangeHRM_MiniProject - Click on Search button
2023-01-28 14:37:49,681 [main] INFO OrangeHRM_MiniProject - Click on Select button 
2023-01-28 14:37:49,939 [main] INFO OrangeHRM_MiniProject - Click on Delete button
2023-01-28 14:37:50,208 [main] INFO OrangeHRM_MiniProject - Confirmation pop Up
2023-01-28 14:37:56,309 [main] INFO OrangeHRM_MiniProject - Davidsuccessfully got deleted
2023-01-28 14:37:56,310 [main] INFO OrangeHRM_MiniProject - Delete Employee test case passed
2023-01-28 14:37:56,312 [main] INFO OrangeHRM_MiniProject - Close the Browser
2023-01-28 14:37:58,337 [main] WARN org.apache.pdfbox.pdmodel.font.FileSystemFontProvider - New fonts found, font cache will be re-built
2023-01-28 14:37:58,337 [main] WARN org.apache.pdfbox.pdmodel.font.FileSystemFontProvider - Building on-disk font cache, this may take a while
2023-01-28 14:37:58,733 [main] WARN org.apache.pdfbox.pdmodel.font.FileSystemFontProvider - Finished building on-disk font cache, found 172 fonts
2023-01-29 13:09:51,068 [main] INFO OrangeHRM_MiniProject - Launching Browser
2023-01-29 13:09:51,118 [main] INFO OrangeHRM_MiniProject - Opening URL
2023-01-29 13:09:59,752 [main] INFO OrangeHRM_MiniProject - Providing login details - UserName and Password
2023-01-29 13:10:01,191 [main] INFO OrangeHRM_MiniProject - Start Login Process
2023-01-29 13:10:02,702 [main] INFO OrangeHRM_MiniProject - Login TestCase will be Pass
2023-01-29 13:10:02,710 [main] INFO OrangeHRM_MiniProject - Click on Profile Menu
2023-01-29 13:10:03,399 [main] INFO OrangeHRM_MiniProject - Click on Logout button
2023-01-29 13:10:05,283 [main] INFO OrangeHRM_MiniProject - Close the Browser
